<?xml version="1.0" encoding="UTF-8"?>
<!-- Generated by org.testng.reporters.JUnitReportReporter -->
<testsuite skipped="0" hostname="DESKTOP-T7TNLRT" name="testscript.InstaLogin" tests="1" failures="0" timestamp="24 Jan 2022 07:58:11 GMT" time="20.727" errors="0">
  <testcase name="validLaogin" time="20.727" classname="testscript.InstaLogin"/>
</testsuite> <!-- testscript.InstaLogin -->
